<?xml version="1.0" encoding="UTF-8"?>
<testng-results ignored="0" total="1" passed="1" failed="0" skipped="0">
  <reporter-output>
  </reporter-output>
  <suite started-at="2019-03-11T20:57:16Z" name="Default suite" finished-at="2019-03-11T20:57:35Z" duration-ms="18228">
    <groups>
    </groups>
    <test started-at="2019-03-11T20:57:16Z" name="Default test" finished-at="2019-03-11T20:57:35Z" duration-ms="18228">
      <class name="firstPackage.pranathiFirstProject.HomePage">
        <test-method signature="basePageNavigation()[pri:0, instance:firstPackage.pranathiFirstProject.HomePage@77f1baf5]" started-at="2019-03-11T20:57:16Z" name="basePageNavigation" finished-at="2019-03-11T20:57:35Z" duration-ms="18171" status="PASS">
          <reporter-output>
          </reporter-output>
        </test-method> <!-- basePageNavigation -->
      </class> <!-- firstPackage.pranathiFirstProject.HomePage -->
    </test> <!-- Default test -->
  </suite> <!-- Default suite -->
</testng-results>
